<?xml version="1.0" encoding="UTF-8"?>
<testng-results skipped="0" failed="0" total="1" passed="1">
  <reporter-output>
  </reporter-output>
  <suite name="Suite" duration-ms="6713" started-at="2017-04-03T12:32:38Z" finished-at="2017-04-03T12:32:45Z">
    <groups>
    </groups>
    <test name="Test" duration-ms="6713" started-at="2017-04-03T12:32:38Z" finished-at="2017-04-03T12:32:45Z">
      <class name="testCases.Verify_valid_Login">
        <test-method status="PASS" signature="checkValidUser()[pri:0, instance:testCases.Verify_valid_Login@6108b2d7]" name="checkValidUser" duration-ms="6704" started-at="2017-04-03T18:02:38Z" finished-at="2017-04-03T18:02:45Z">
          <reporter-output>
          </reporter-output>
        </test-method> <!-- checkValidUser -->
      </class> <!-- testCases.Verify_valid_Login -->
    </test> <!-- Test -->
  </suite> <!-- Suite -->
</testng-results>
