<?xml version="1.0" encoding="UTF-8"?>
<testsuite xmlns:xsi="http://www.w3.org/2001/XMLSchema-instance" xsi:schemaLocation="https://maven.apache.org/surefire/maven-surefire-plugin/xsd/surefire-test-report.xsd" name="TestSuite" time="5.041" tests="1" errors="0" skipped="0" failures="1">
  <properties>
[...]
</properties>
  <testcase name="checkValidUser" classname="testCases.Verify_valid_Login" time="4.361">
    <failure message="Unable to locate element: #user_login&#10;For documentation on this error, please visit: http://seleniumhq.org/exceptions/no_such_element.html&#10;Build info: version: &apos;3.3.1&apos;, revision: &apos;5234b325d5&apos;, time: &apos;2017-03-10 09:10:29 +0000&apos;&#10;System info: host: &apos;RAGHAV4535&apos;, ip: &apos;169.254.66.88&apos;, os.name: &apos;Windows 7&apos;, os.arch: &apos;amd64&apos;, os.version: &apos;6.1&apos;, java.version: &apos;1.8.0_111&apos;&#10;Driver info: org.openqa.selenium.firefox.FirefoxDriver&#10;Capabilities [{moz:profile=C:\Users\RAGHAV~1\AppData\Local\Temp\rust_mozprofile.S6y0TDjmIi8O, rotatable=false, timeouts={implicit=0, page load=300000, script=30000}, pageLoadStrategy=normal, platform=ANY, specificationLevel=0, moz:accessibilityChecks=false, acceptInsecureCerts=false, browserVersion=52.0.2, platformVersion=6.1, moz:processID=26356, browserName=firefox, platformName=windows_nt}]&#10;Session ID: 50c0b5cf-beb0-4025-9efc-82c2af2bb7d2&#10;*** Element info: {Using=id, value=user_login}" type="org.openqa.selenium.NoSuchElementException">org.openqa.selenium.NoSuchElementException: 
Unable to locate element: #user_login
For documentation on this error, please visit: http://seleniumhq.org/exceptions/no_such_element.html
Build info: version: '3.3.1', revision: '5234b325d5', time: '2017-03-10 09:10:29 +0000'
System info: host: 'RAGHAV4535', ip: '169.254.66.88', os.name: 'Windows 7', os.arch: 'amd64', os.version: '6.1', java.version: '1.8.0_111'
Driver info: org.openqa.selenium.firefox.FirefoxDriver
Capabilities [{moz:profile=C:\Users\RAGHAV~1\AppData\Local\Temp\rust_mozprofile.S6y0TDjmIi8O, rotatable=false, timeouts={implicit=0, page load=300000, script=30000}, pageLoadStrategy=normal, platform=ANY, specificationLevel=0, moz:accessibilityChecks=false, acceptInsecureCerts=false, browserVersion=52.0.2, platformVersion=6.1, moz:processID=26356, browserName=firefox, platformName=windows_nt}]
Session ID: 50c0b5cf-beb0-4025-9efc-82c2af2bb7d2
*** Element info: {Using=id, value=user_login}
	at testCases.Verify_valid_Login.checkValidUser(Verify_valid_Login.java:27)
</failure>
    <system-err><![CDATA[1491279449618	geckodriver	INFO	Listening on 127.0.0.1:48096
1491279450145	mozprofile::profile	INFO	Using profile path C:\Users\RAGHAV~1\AppData\Local\Temp\rust_mozprofile.S6y0TDjmIi8O
1491279450148	geckodriver::marionette	INFO	Starting browser C:\Program Files (x86)\Mozilla Firefox\firefox.exe with args []
1491279450157	geckodriver::marionette	INFO	Connecting to Marionette on localhost:65410
1491279450893	Marionette	INFO	Listening on port 65410
Apr 04, 2017 9:47:32 AM org.openqa.selenium.remote.ProtocolHandshake createSession
INFO: Detected dialect: W3C
]]></system-err>
  </testcase>
</testsuite>