<?xml version="1.0" encoding="UTF-8"?>
<testng-results skipped="0" failed="0" total="1" passed="1">
  <reporter-output>
  </reporter-output>
  <suite name="Suite" duration-ms="7199" started-at="2017-04-03T09:47:48Z" finished-at="2017-04-03T09:47:55Z">
    <groups>
    </groups>
    <test name="Test" duration-ms="7199" started-at="2017-04-03T09:47:48Z" finished-at="2017-04-03T09:47:55Z">
      <class name="testCases.Verify_valid_Login">
        <test-method status="PASS" signature="checkValidUser()[pri:0, instance:testCases.Verify_valid_Login@4678c730]" name="checkValidUser" duration-ms="7186" started-at="2017-04-03T15:17:48Z" finished-at="2017-04-03T15:17:55Z">
          <reporter-output>
          </reporter-output>
        </test-method> <!-- checkValidUser -->
      </class> <!-- testCases.Verify_valid_Login -->
    </test> <!-- Test -->
  </suite> <!-- Suite -->
</testng-results>
